[ 2017-04-07T14:55:31+08:00 ] 127.0.0.1 /index.php/Home/goods/goodslist
INFO: [ app_init ] --START--
INFO: Run Behavior\BuildLiteBehavior [ RunTime:0.000000s ]
INFO: [ app_init ] --END-- [ RunTime:0.002000s ]

[ 2017-04-07T16:02:28+08:00 ] 127.0.0.1 /index.php/Home/goods/detail
INFO: [ app_init ] --START--
INFO: Run Behavior\BuildLiteBehavior [ RunTime:0.000000s ]
INFO: [ app_init ] --END-- [ RunTime:0.000000s ]

[ 2017-04-07T16:02:28+08:00 ] 127.0.0.1 /index.php/Home/goods/style/goods.css
INFO: [ app_init ] --START--
INFO: Run Behavior\BuildLiteBehavior [ RunTime:0.000000s ]
INFO: [ app_init ] --END-- [ RunTime:0.000000s ]
ERR: 非法操作:style

[ 2017-04-07T16:02:29+08:00 ] 127.0.0.1 /index.php/Home/goods/style/goods.css
INFO: [ app_init ] --START--
INFO: Run Behavior\BuildLiteBehavior [ RunTime:0.000000s ]
INFO: [ app_init ] --END-- [ RunTime:0.000000s ]
ERR: 非法操作:style

[ 2017-04-07T16:19:26+08:00 ] 127.0.0.1 /index.php/Home/goods/goodslist
INFO: [ app_init ] --START--
INFO: Run Behavior\BuildLiteBehavior [ RunTime:0.000000s ]
INFO: [ app_init ] --END-- [ RunTime:0.000000s ]

[ 2017-04-07T19:20:34+08:00 ] 127.0.0.1 /index.php/Home/goods/goodslist
INFO: [ app_init ] --START--
INFO: Run Behavior\BuildLiteBehavior [ RunTime:0.000000s ]
INFO: [ app_init ] --END-- [ RunTime:0.000000s ]

[ 2017-04-07T19:20:36+08:00 ] 127.0.0.1 /index.php/Home/Goods/goodslist.html
INFO: [ app_init ] --START--
INFO: Run Behavior\BuildLiteBehavior [ RunTime:0.000000s ]
INFO: [ app_init ] --END-- [ RunTime:0.000000s ]

[ 2017-04-07T19:20:37+08:00 ] 127.0.0.1 /index.php/Home/Goods/detail/id/169
INFO: [ app_init ] --START--
INFO: Run Behavior\BuildLiteBehavior [ RunTime:0.000000s ]
INFO: [ app_init ] --END-- [ RunTime:0.000000s ]

[ 2017-04-07T19:20:37+08:00 ] 127.0.0.1 /index.php/Home/Goods/detail/id/style/goods.css
INFO: [ app_init ] --START--
INFO: Run Behavior\BuildLiteBehavior [ RunTime:0.000000s ]
INFO: [ app_init ] --END-- [ RunTime:0.000000s ]

[ 2017-04-07T19:20:39+08:00 ] 127.0.0.1 /index.php/Home/Shop/addcart?goods_id=169&buy_num=1
INFO: [ app_init ] --START--
INFO: Run Behavior\BuildLiteBehavior [ RunTime:0.000000s ]
INFO: [ app_init ] --END-- [ RunTime:0.001000s ]
INFO: [ app_begin ] --START--
INFO: Run Behavior\ReadHtmlCacheBehavior [ RunTime:0.000000s ]
INFO: [ app_begin ] --END-- [ RunTime:0.001000s ]
SQL: SHOW COLUMNS FROM `jsshop_goods` [ RunTime:0.0040s ]
SQL: SELECT * FROM `jsshop_goods` WHERE `id` = 169 LIMIT 1   [ RunTime:0.0000s ]

[ 2017-04-07T19:20:43+08:00 ] 127.0.0.1 /index.php/Home/Goods/detail/id/167
INFO: [ app_init ] --START--
INFO: Run Behavior\BuildLiteBehavior [ RunTime:0.000000s ]
INFO: [ app_init ] --END-- [ RunTime:0.001000s ]

[ 2017-04-07T19:20:43+08:00 ] 127.0.0.1 /index.php/Home/Goods/detail/id/style/goods.css
INFO: [ app_init ] --START--
INFO: Run Behavior\BuildLiteBehavior [ RunTime:0.000000s ]
INFO: [ app_init ] --END-- [ RunTime:0.001000s ]

[ 2017-04-07T19:20:44+08:00 ] 127.0.0.1 /index.php/Home/Shop/addcart?goods_id=167&buy_num=1
INFO: [ app_init ] --START--
INFO: Run Behavior\BuildLiteBehavior [ RunTime:0.000000s ]
INFO: [ app_init ] --END-- [ RunTime:0.001000s ]
INFO: [ app_begin ] --START--
INFO: Run Behavior\ReadHtmlCacheBehavior [ RunTime:0.001000s ]
INFO: [ app_begin ] --END-- [ RunTime:0.001000s ]
SQL: SHOW COLUMNS FROM `jsshop_goods` [ RunTime:0.0040s ]
SQL: SELECT * FROM `jsshop_goods` WHERE `id` = 167 LIMIT 1   [ RunTime:0.0010s ]

[ 2017-04-07T19:20:46+08:00 ] 127.0.0.1 /index.php/Home/Shop/flow1.html
INFO: [ app_init ] --START--
INFO: Run Behavior\BuildLiteBehavior [ RunTime:0.000000s ]
INFO: [ app_init ] --END-- [ RunTime:0.000000s ]

[ 2017-04-07T19:20:48+08:00 ] 127.0.0.1 /index.php/Home/Shop/flow2.html
INFO: [ app_init ] --START--
INFO: Run Behavior\BuildLiteBehavior [ RunTime:0.000000s ]
INFO: [ app_init ] --END-- [ RunTime:0.001000s ]

[ 2017-04-07T19:20:48+08:00 ] 127.0.0.1 /index.php/Home/User/login.html
INFO: [ app_init ] --START--
INFO: Run Behavior\BuildLiteBehavior [ RunTime:0.000000s ]
INFO: [ app_init ] --END-- [ RunTime:0.000000s ]

[ 2017-04-07T19:20:54+08:00 ] 127.0.0.1 /index.php/Home/User/login.html
INFO: [ app_init ] --START--
INFO: Run Behavior\BuildLiteBehavior [ RunTime:0.000000s ]
INFO: [ app_init ] --END-- [ RunTime:0.001000s ]

[ 2017-04-07T19:20:55+08:00 ] 127.0.0.1 /index.php/Home/Shop/flow2.html
INFO: [ app_init ] --START--
INFO: Run Behavior\BuildLiteBehavior [ RunTime:0.000000s ]
INFO: [ app_init ] --END-- [ RunTime:0.000000s ]

[ 2017-04-07T19:21:05+08:00 ] 127.0.0.1 /index.php/Home/Shop/flow2.html
INFO: [ app_init ] --START--
INFO: Run Behavior\BuildLiteBehavior [ RunTime:0.000000s ]
INFO: [ app_init ] --END-- [ RunTime:0.000000s ]

[ 2017-04-07T19:22:09+08:00 ] 127.0.0.1 /index.php/Home/Shop/flow2.html
INFO: [ app_init ] --START--
INFO: Run Behavior\BuildLiteBehavior [ RunTime:0.000000s ]
INFO: [ app_init ] --END-- [ RunTime:0.000000s ]

[ 2017-04-07T19:25:08+08:00 ] 127.0.0.1 /index.php/Home/Shop/flow2.html
INFO: [ app_init ] --START--
INFO: Run Behavior\BuildLiteBehavior [ RunTime:0.000000s ]
INFO: [ app_init ] --END-- [ RunTime:0.000000s ]

