[ 2017-04-01T11:11:00+08:00 ] 127.0.0.1 /index.php/Attribute/Attribute/attribute_edit/id/8
INFO: [ app_init ] --START--
INFO: Run Behavior\BuildLiteBehavior [ RunTime:0.000000s ]
INFO: [ app_init ] --END-- [ RunTime:0.001000s ]
ERR: 无法加载模块:Attribute

[ 2017-04-01T11:11:23+08:00 ] 127.0.0.1 /index.php/Attribute/Attribute/attribute_list/id/8
INFO: [ app_init ] --START--
INFO: Run Behavior\BuildLiteBehavior [ RunTime:0.000000s ]
INFO: [ app_init ] --END-- [ RunTime:0.000000s ]
ERR: 无法加载模块:Attribute

[ 2017-04-01T11:11:59+08:00 ] 127.0.0.1 /index.php/Attribute/Attribute/attribute_list/id/8
INFO: [ app_init ] --START--
INFO: Run Behavior\BuildLiteBehavior [ RunTime:0.000000s ]
INFO: [ app_init ] --END-- [ RunTime:0.001000s ]
ERR: 无法加载模块:Attribute

[ 2017-04-01T11:12:05+08:00 ] 127.0.0.1 /index.php/Attribute/Attribute/attribute_list/id/8
INFO: [ app_init ] --START--
INFO: Run Behavior\BuildLiteBehavior [ RunTime:0.000000s ]
INFO: [ app_init ] --END-- [ RunTime:0.000000s ]
ERR: 无法加载模块:Attribute

[ 2017-04-01T11:12:55+08:00 ] 127.0.0.1 /index.php/Attribute/Attribute/attribute_list/id/8
INFO: [ app_init ] --START--
INFO: Run Behavior\BuildLiteBehavior [ RunTime:0.000000s ]
INFO: [ app_init ] --END-- [ RunTime:0.000000s ]
ERR: 无法加载模块:Attribute

[ 2017-04-01T11:13:34+08:00 ] 127.0.0.1 /index.php/Attribute/Attribute/attribute_list/id/8
INFO: [ app_init ] --START--
INFO: Run Behavior\BuildLiteBehavior [ RunTime:0.000000s ]
INFO: [ app_init ] --END-- [ RunTime:0.001000s ]
ERR: 无法加载模块:Attribute

[ 2017-04-01T11:15:40+08:00 ] 127.0.0.1 /index.php/Attribute/Attribute/attribute_list/id/8
INFO: [ app_init ] --START--
INFO: Run Behavior\BuildLiteBehavior [ RunTime:0.000000s ]
INFO: [ app_init ] --END-- [ RunTime:0.000000s ]
ERR: 无法加载模块:Attribute

[ 2017-04-01T11:18:41+08:00 ] 127.0.0.1 /index.php/Attribute/Attribute/attribute_list/id/8
INFO: [ app_init ] --START--
INFO: Run Behavior\BuildLiteBehavior [ RunTime:0.000000s ]
INFO: [ app_init ] --END-- [ RunTime:0.001000s ]
ERR: 无法加载模块:Attribute

