[ 2017-04-04T12:17:39+08:00 ] 127.0.0.1 /index.php/Admin/Index/index
INFO: [ app_init ] --START--
INFO: Run Behavior\BuildLiteBehavior [ RunTime:0.000000s ]
INFO: [ app_init ] --END-- [ RunTime:0.000000s ]

[ 2017-04-04T12:18:28+08:00 ] 127.0.0.1 /index.php/Admin/Index/index
INFO: [ app_init ] --START--
INFO: Run Behavior\BuildLiteBehavior [ RunTime:0.000000s ]
INFO: [ app_init ] --END-- [ RunTime:0.002000s ]

[ 2017-04-04T12:18:29+08:00 ] 127.0.0.1 /index.php/Admin/Login/login.html
INFO: [ app_init ] --START--
INFO: Run Behavior\BuildLiteBehavior [ RunTime:0.000000s ]
INFO: [ app_init ] --END-- [ RunTime:0.000000s ]

[ 2017-04-04T12:18:30+08:00 ] 127.0.0.1 /index.php/Admin/Login/verify_code.html
INFO: [ app_init ] --START--
INFO: Run Behavior\BuildLiteBehavior [ RunTime:0.000000s ]
INFO: [ app_init ] --END-- [ RunTime:0.000000s ]

[ 2017-04-04T12:18:39+08:00 ] 127.0.0.1 /index.php/Admin/Login/login.html
INFO: [ app_init ] --START--
INFO: Run Behavior\BuildLiteBehavior [ RunTime:0.000000s ]
INFO: [ app_init ] --END-- [ RunTime:0.000000s ]

[ 2017-04-04T12:18:41+08:00 ] 127.0.0.1 /index.php/Admin/Index/index.html
INFO: [ app_init ] --START--
INFO: Run Behavior\BuildLiteBehavior [ RunTime:0.000000s ]
INFO: [ app_init ] --END-- [ RunTime:0.000000s ]

[ 2017-04-04T12:18:45+08:00 ] 127.0.0.1 /index.php/Admin/Goods/goods_add
INFO: [ app_init ] --START--
INFO: Run Behavior\BuildLiteBehavior [ RunTime:0.000000s ]
INFO: [ app_init ] --END-- [ RunTime:0.000000s ]

[ 2017-04-04T12:18:45+08:00 ] 127.0.0.1 /index.php/Admin/Index/assets/img/avatar1.jpg
INFO: [ app_init ] --START--
INFO: Run Behavior\BuildLiteBehavior [ RunTime:0.000000s ]
INFO: [ app_init ] --END-- [ RunTime:0.000000s ]

[ 2017-04-04T12:20:11+08:00 ] 127.0.0.1 /index.php/Admin/Attribute/get_attribute_by_typeid.html?type_id=1
INFO: [ app_init ] --START--
INFO: Run Behavior\BuildLiteBehavior [ RunTime:0.000000s ]
INFO: [ app_init ] --END-- [ RunTime:0.000000s ]
INFO: [ app_begin ] --START--
INFO: Run Behavior\ReadHtmlCacheBehavior [ RunTime:0.001000s ]
INFO: [ app_begin ] --END-- [ RunTime:0.001000s ]
SQL: SHOW COLUMNS FROM `jsshop_admin` [ RunTime:0.0170s ]
SQL: SELECT * FROM `jsshop_admin` WHERE `user_name` = 'admin' LIMIT 1   [ RunTime:0.0000s ]
NOTIC: [8] Undefined variable: admin_pri F:\PHP2017\dsshop\Application\Admin\Controller\BaseController.class.php 第 34 行.
SQL: SHOW COLUMNS FROM `jsshop_privilege` [ RunTime:0.0120s ]
SQL: SELECT * FROM `jsshop_privilege`  [ RunTime:0.0000s ]
SQL: SELECT * FROM `jsshop_admin` WHERE `id` = 1 LIMIT 1   [ RunTime:0.0010s ]
SQL: SHOW COLUMNS FROM `jsshop_attribute` [ RunTime:0.0070s ]
SQL: SELECT * FROM `jsshop_attribute` WHERE `type_id` = 1  [ RunTime:0.0000s ]

[ 2017-04-04T12:20:41+08:00 ] 127.0.0.1 /index.php/Admin/Goods/goods_add
INFO: [ app_init ] --START--
INFO: Run Behavior\BuildLiteBehavior [ RunTime:0.000000s ]
INFO: [ app_init ] --END-- [ RunTime:0.000000s ]

[ 2017-04-04T12:20:44+08:00 ] 127.0.0.1 /index.php/Admin/Goods/goods_list
INFO: [ app_init ] --START--
INFO: Run Behavior\BuildLiteBehavior [ RunTime:0.000000s ]
INFO: [ app_init ] --END-- [ RunTime:0.000000s ]

[ 2017-04-04T12:47:17+08:00 ] 127.0.0.1 /index.php/Admin/Goods/Goods_add.html
INFO: [ app_init ] --START--
INFO: Run Behavior\BuildLiteBehavior [ RunTime:0.000000s ]
INFO: [ app_init ] --END-- [ RunTime:0.000000s ]

[ 2017-04-04T12:47:46+08:00 ] 127.0.0.1 /index.php/Admin/Attribute/get_attribute_by_typeid.html?type_id=1
INFO: [ app_init ] --START--
INFO: Run Behavior\BuildLiteBehavior [ RunTime:0.000000s ]
INFO: [ app_init ] --END-- [ RunTime:0.001000s ]
INFO: [ app_begin ] --START--
INFO: Run Behavior\ReadHtmlCacheBehavior [ RunTime:0.001000s ]
INFO: [ app_begin ] --END-- [ RunTime:0.001000s ]
SQL: SHOW COLUMNS FROM `jsshop_admin` [ RunTime:0.0090s ]
SQL: SELECT * FROM `jsshop_admin` WHERE `user_name` = 'admin' LIMIT 1   [ RunTime:0.0010s ]
NOTIC: [8] Undefined variable: admin_pri F:\PHP2017\dsshop\Application\Admin\Controller\BaseController.class.php 第 34 行.
SQL: SHOW COLUMNS FROM `jsshop_privilege` [ RunTime:0.0080s ]
SQL: SELECT * FROM `jsshop_privilege`  [ RunTime:0.0000s ]
SQL: SELECT * FROM `jsshop_admin` WHERE `id` = 1 LIMIT 1   [ RunTime:0.0000s ]
SQL: SHOW COLUMNS FROM `jsshop_attribute` [ RunTime:0.0110s ]
SQL: SELECT * FROM `jsshop_attribute` WHERE `type_id` = 1  [ RunTime:0.0000s ]

[ 2017-04-04T12:48:19+08:00 ] 127.0.0.1 /index.php/Admin/Goods/Goods_add.html
INFO: [ app_init ] --START--
INFO: Run Behavior\BuildLiteBehavior [ RunTime:0.000000s ]
INFO: [ app_init ] --END-- [ RunTime:0.000000s ]

[ 2017-04-04T12:48:21+08:00 ] 127.0.0.1 /index.php/Admin/Goods/goods_list
INFO: [ app_init ] --START--
INFO: Run Behavior\BuildLiteBehavior [ RunTime:0.000000s ]
INFO: [ app_init ] --END-- [ RunTime:0.000000s ]

